2017-07-05 21:20:09,898 - INFO - start convert GDB...
                   source File Path:C:\Users\esri\Desktop\customer500000001
                   output Path:d:\5000W
                   process Count:4
                   log Path:E:\python_project\CMB-Py\dataManage\workspace\processLog
2017-07-05 21:20:19,700 - INFO - start convert GDB...
                   source File Path:C:\Users\esri\Desktop\customer500000001
                   output Path:d:\5000W
                   process Count:4
                   log Path:E:\python_project\CMB-Py\dataManage\workspace\processLog
2017-07-05 21:22:58,401 - INFO - start convert GDB...
                   source File Path:C:\Users\esri\Desktop\customer500000001
                   output Path:d:\5000W
                   process Count:4
                   log Path:E:/python_project/CMB-Py/dataManage\workspace\processLog
2017-07-05 21:24:35,296 - INFO - start convert GDB...
                   source File Path:C:\Users\esri\Desktop\customer500000001
                   output Path:d:\5000W
                   process Count:4
                   log Path:E:\python_project\CMB-Py\dataManage\workspace\processLog
2017-07-05 22:49:37,247 - INFO - start convert GDB...
                   source File Path:C:\Users\esri\Desktop\customer500000001
                   output Path:d:\5000W
                   process Count:4
                   log Path:E:\python_project\CMB-Py\dataManage\workspace\processLog
2017-07-05 22:49:53,243 - INFO - start convert GDB...
                   source File Path:C:\Users\esri\Desktop\customer500000001
                   output Path:d:\5000W
                   process Count:2
                   log Path:E:\python_project\CMB-Py\dataManage\workspace\processLog
2017-07-05 22:57:56,322 - INFO - convert results:customer1.gdb/extent,customer2.gdb\customer50000000110,customer2.gdb\customer500000001100,customer2.gdb\customer500000001103,customer2.gdb\customer500000001104,customer2.gdb\customer500000001106,customer2.gdb\customer500000001109,customer2.gdb\customer500000001110,customer2.gdb\customer500000001112,customer2.gdb\customer500000001114,customer2.gdb\customer500000001116,customer2.gdb\customer500000001118,customer2.gdb\customer50000000112,customer2.gdb\customer500000001121,customer2.gdb\customer500000001123,customer2.gdb\customer500000001124,customer2.gdb\customer500000001126,customer2.gdb\customer500000001128,customer2.gdb\customer50000000114,customer2.gdb\customer50000000116,customer2.gdb\customer50000000118,customer2.gdb\customer5000000012,customer2.gdb\customer50000000121,customer2.gdb\customer50000000123,customer2.gdb\customer50000000125,customer2.gdb\customer50000000127,customer2.gdb\customer50000000129,customer2.gdb\customer50000000130,customer2.gdb\customer50000000132,customer2.gdb\customer50000000134,customer2.gdb\customer50000000136,customer2.gdb\customer50000000138,customer2.gdb\customer5000000014,customer2.gdb\customer50000000141,customer2.gdb\customer50000000143,customer2.gdb\customer50000000145,customer2.gdb\customer50000000147,customer2.gdb\customer50000000149,customer2.gdb\customer50000000150,customer2.gdb\customer50000000152,customer2.gdb\customer50000000154,customer2.gdb\customer50000000156,customer2.gdb\customer50000000158,customer2.gdb\customer5000000016,customer2.gdb\customer50000000161,customer2.gdb\customer50000000163,customer2.gdb\customer50000000165,customer2.gdb\customer50000000167,customer2.gdb\customer50000000169,customer2.gdb\customer50000000170,customer2.gdb\customer50000000172,customer2.gdb\customer50000000174,customer2.gdb\customer50000000176,customer2.gdb\customer50000000178,customer2.gdb\customer5000000018,customer2.gdb\customer50000000181,customer2.gdb\customer50000000183,customer2.gdb\customer50000000185,customer2.gdb\customer50000000187,customer2.gdb\customer50000000189,customer2.gdb\customer50000000190,customer2.gdb\customer50000000192,customer2.gdb\customer50000000194,customer2.gdb\customer50000000196,customer2.gdb\customer50000000198,customer1.gdb\customer5000000011,customer1.gdb\customer500000001101,customer1.gdb\customer500000001102,customer1.gdb\customer500000001105,customer1.gdb\customer500000001107,customer1.gdb\customer500000001108,customer1.gdb\customer50000000111,customer1.gdb\customer500000001111,customer1.gdb\customer500000001113,customer1.gdb\customer500000001115,customer1.gdb\customer500000001117,customer1.gdb\customer500000001119,customer1.gdb\customer500000001120,customer1.gdb\customer500000001122,customer1.gdb\customer500000001125,customer1.gdb\customer500000001127,customer1.gdb\customer500000001129,customer1.gdb\customer50000000113,customer1.gdb\customer50000000115,customer1.gdb\customer50000000117,customer1.gdb\customer50000000119,customer1.gdb\customer50000000120,customer1.gdb\customer50000000122,customer1.gdb\customer50000000124,customer1.gdb\customer50000000126,customer1.gdb\customer50000000128,customer1.gdb\customer5000000013,customer1.gdb\customer50000000131,customer1.gdb\customer50000000133,customer1.gdb\customer50000000135,customer1.gdb\customer50000000137,customer1.gdb\customer50000000139,customer1.gdb\customer50000000140,customer1.gdb\customer50000000142,customer1.gdb\customer50000000144,customer1.gdb\customer50000000146,customer1.gdb\customer50000000148,customer1.gdb\customer5000000015,customer1.gdb\customer50000000151,customer1.gdb\customer50000000153,customer1.gdb\customer50000000155,customer1.gdb\customer50000000157,customer1.gdb\customer50000000159,customer1.gdb\customer50000000160,customer1.gdb\customer50000000162,customer1.gdb\customer50000000164,customer1.gdb\customer50000000166,customer1.gdb\customer50000000168,customer1.gdb\customer5000000017,customer1.gdb\customer50000000171,customer1.gdb\customer50000000173,customer1.gdb\customer50000000175,customer1.gdb\customer50000000177,customer1.gdb\customer50000000179,customer1.gdb\customer50000000180,customer1.gdb\customer50000000182,customer1.gdb\customer50000000184,customer1.gdb\customer50000000186,customer1.gdb\customer50000000188,customer1.gdb\customer5000000019,customer1.gdb\customer50000000191,customer1.gdb\customer50000000193,customer1.gdb\customer50000000195,customer1.gdb\customer50000000197,customer1.gdb\customer50000000199
2017-07-05 23:02:34,118 - INFO - start convert GDB...
                   source File Path:C:\Users\esri\Desktop\customer500000001
                   output Path:d:\5000W
                   process Count:2
                   log Path:E:\python_project\CMB-Py\dataManage\workspace\processLog
2017-07-05 23:08:26,710 - INFO - convert results:customer1.gdb/extent,customer2.gdb\customer50000000110,customer2.gdb\customer500000001101,customer2.gdb\customer500000001103,customer2.gdb\customer500000001104,customer2.gdb\customer500000001106,customer2.gdb\customer500000001108,customer2.gdb\customer50000000111,customer2.gdb\customer500000001112,customer2.gdb\customer500000001113,customer2.gdb\customer500000001116,customer2.gdb\customer500000001118,customer2.gdb\customer50000000112,customer2.gdb\customer500000001120,customer2.gdb\customer500000001123,customer2.gdb\customer500000001124,customer2.gdb\customer500000001127,customer2.gdb\customer500000001128,customer2.gdb\customer50000000114,customer2.gdb\customer50000000116,customer2.gdb\customer50000000118,customer2.gdb\customer5000000012,customer2.gdb\customer50000000121,customer2.gdb\customer50000000123,customer2.gdb\customer50000000125,customer2.gdb\customer50000000127,customer2.gdb\customer50000000129,customer2.gdb\customer50000000130,customer2.gdb\customer50000000132,customer2.gdb\customer50000000134,customer2.gdb\customer50000000136,customer2.gdb\customer50000000138,customer2.gdb\customer5000000014,customer2.gdb\customer50000000141,customer2.gdb\customer50000000143,customer2.gdb\customer50000000145,customer2.gdb\customer50000000147,customer2.gdb\customer50000000149,customer2.gdb\customer50000000150,customer2.gdb\customer50000000152,customer2.gdb\customer50000000154,customer2.gdb\customer50000000156,customer2.gdb\customer50000000158,customer2.gdb\customer5000000016,customer2.gdb\customer50000000161,customer2.gdb\customer50000000163,customer2.gdb\customer50000000165,customer2.gdb\customer50000000167,customer2.gdb\customer50000000169,customer2.gdb\customer50000000170,customer2.gdb\customer50000000172,customer2.gdb\customer50000000174,customer2.gdb\customer50000000176,customer2.gdb\customer50000000178,customer2.gdb\customer5000000018,customer2.gdb\customer50000000181,customer2.gdb\customer50000000183,customer2.gdb\customer50000000185,customer2.gdb\customer50000000187,customer2.gdb\customer50000000189,customer2.gdb\customer50000000190,customer2.gdb\customer50000000192,customer2.gdb\customer50000000194,customer2.gdb\customer50000000196,customer2.gdb\customer50000000198,customer1.gdb\customer5000000011,customer1.gdb\customer500000001100,customer1.gdb\customer500000001102,customer1.gdb\customer500000001105,customer1.gdb\customer500000001107,customer1.gdb\customer500000001109,customer1.gdb\customer500000001110,customer1.gdb\customer500000001111,customer1.gdb\customer500000001114,customer1.gdb\customer500000001115,customer1.gdb\customer500000001117,customer1.gdb\customer500000001119,customer1.gdb\customer500000001121,customer1.gdb\customer500000001122,customer1.gdb\customer500000001125,customer1.gdb\customer500000001126,customer1.gdb\customer500000001129,customer1.gdb\customer50000000113,customer1.gdb\customer50000000115,customer1.gdb\customer50000000117,customer1.gdb\customer50000000119,customer1.gdb\customer50000000120,customer1.gdb\customer50000000122,customer1.gdb\customer50000000124,customer1.gdb\customer50000000126,customer1.gdb\customer50000000128,customer1.gdb\customer5000000013,customer1.gdb\customer50000000131,customer1.gdb\customer50000000133,customer1.gdb\customer50000000135,customer1.gdb\customer50000000137,customer1.gdb\customer50000000139,customer1.gdb\customer50000000140,customer1.gdb\customer50000000142,customer1.gdb\customer50000000144,customer1.gdb\customer50000000146,customer1.gdb\customer50000000148,customer1.gdb\customer5000000015,customer1.gdb\customer50000000151,customer1.gdb\customer50000000153,customer1.gdb\customer50000000155,customer1.gdb\customer50000000157,customer1.gdb\customer50000000159,customer1.gdb\customer50000000160,customer1.gdb\customer50000000162,customer1.gdb\customer50000000164,customer1.gdb\customer50000000166,customer1.gdb\customer50000000168,customer1.gdb\customer5000000017,customer1.gdb\customer50000000171,customer1.gdb\customer50000000173,customer1.gdb\customer50000000175,customer1.gdb\customer50000000177,customer1.gdb\customer50000000179,customer1.gdb\customer50000000180,customer1.gdb\customer50000000182,customer1.gdb\customer50000000184,customer1.gdb\customer50000000186,customer1.gdb\customer50000000188,customer1.gdb\customer5000000019,customer1.gdb\customer50000000191,customer1.gdb\customer50000000193,customer1.gdb\customer50000000195,customer1.gdb\customer50000000197,customer1.gdb\customer50000000199
