2017-08-03 19:10:37,138 - INFO - start convert GDB...
                   source File Path:C:\Users\LocalUser\Desktop\customer50000000111
                   output Path:C:\Users\LocalUser\Desktop\test
                   log Path:D:\python_project\CMB-Py\dataManage\workspace\logs
2017-08-03 19:10:37,138 - INFO - insertUpdate ** update GDB soucefile:C:\Users\LocalUser\Desktop\customer50000000111
2017-08-03 19:10:41,266 - INFO - insertUpdate ** convert success!
2017-08-03 19:11:10,572 - INFO - start convert GDB...
                   source File Path:C:\Users\LocalUser\Desktop\customer50000000111
                   output Path:C:\Users\LocalUser\Desktop\test
                   log Path:D:\python_project\CMB-Py\dataManage\workspace\logs
2017-08-03 19:11:10,572 - INFO - insertUpdate ** update GDB soucefile:C:\Users\LocalUser\Desktop\customer50000000111
2017-08-03 19:11:14,476 - INFO - insertUpdate ** convert success!
2017-08-03 19:15:06,224 - INFO - start convert GDB...
                   source File Path:C:\Users\LocalUser\Desktop\customer50000000111
                   output Path:C:\Users\LocalUser\Desktop\test
                   log Path:D:\python_project\CMB-Py\dataManage\workspace\logs
2017-08-03 19:15:06,224 - INFO - insertUpdate ** update GDB soucefile:C:\Users\LocalUser\Desktop\customer50000000111
2017-08-03 19:15:13,316 - INFO - insertUpdate ** convert success!
2017-08-03 19:23:48,440 - INFO - start convert GDB...
                   source File Path:C:\Users\LocalUser\Desktop\customer50000000111
                   output Path:C:\Users\LocalUser\Desktop\test
                   log Path:D:\python_project\CMB-Py\dataManage\workspace\logs
2017-08-03 19:23:48,440 - INFO - insertUpdate ** update GDB soucefile:C:\Users\LocalUser\Desktop\customer50000000111
2017-08-03 19:23:56,273 - INFO - insertUpdate ** convert success!
2017-08-03 19:33:57,839 - INFO - start convert GDB...
                   source File Path:C:\Users\LocalUser\Desktop\customer50000000111
                   output Path:C:\Users\LocalUser\Desktop\test
                   log Path:D:\python_project\CMB-Py\dataManage\workspace\logs
2017-08-03 19:33:57,839 - INFO - insertUpdate ** update GDB soucefile:C:\Users\LocalUser\Desktop\customer50000000111
2017-08-03 19:34:04,374 - INFO - insertUpdate ** convert success!
2017-08-03 19:34:17,937 - INFO - start convert GDB...
                   source File Path:C:\Users\LocalUser\Desktop\customer50000000111
                   output Path:C:\Users\LocalUser\Desktop\test
                   log Path:D:\python_project\CMB-Py\dataManage\workspace\logs
2017-08-03 19:34:17,938 - INFO - insertUpdate ** update GDB soucefile:C:\Users\LocalUser\Desktop\customer50000000111
2017-08-03 19:34:24,098 - INFO - insertUpdate ** convert success!
2017-08-03 19:35:48,913 - INFO - start convert GDB...
                   source File Path:C:\Users\LocalUser\Desktop\customer50000000111
                   output Path:C:\Users\LocalUser\Desktop\test
                   log Path:D:\python_project\CMB-Py\dataManage\workspace\logs
2017-08-03 19:35:48,913 - INFO - insertUpdate ** update GDB soucefile:C:\Users\LocalUser\Desktop\customer50000000111
2017-08-03 19:35:56,255 - INFO - insertUpdate ** convert success!
