2017-09-19 11:16:44,361 - INFO - start convert GDB...
                       source File Path:C:\Users\esri\Desktop\customerupdate
                       output Path:D:\dataHandle\GISData\gdb\crm\clientdata
                       log Path:E:\python_project\CMB-Py\dataManage\workspace\logs
2017-09-19 11:16:44,361 - INFO - insertUpdate ** update GDB soucefile:C:\Users\esri\Desktop\customerupdate
2017-09-19 11:16:52,108 - WARNING - [('D:\\dataHandle\\GISData\\arcgisserver\\gdb\\crm\\clientdata\\clientdata.gdb\\extent.T450.1748.9104.sr.lock', 'D:\\dataHandle\\GISData\\gdb\\crm\\clientdata\\clientdata.gdb\\extent.T450.1748.9104.sr.lock', "[Errno 13] Permission denied: 'D:\\\\dataHandle\\\\GISData\\\\arcgisserver\\\\gdb\\\\crm\\\\clientdata\\\\clientdata.gdb\\\\extent.T450.1748.9104.sr.lock'"), ('D:\\dataHandle\\GISData\\arcgisserver\\gdb\\crm\\clientdata\\clientdata.gdb\\_gdb.T450.1748.9104.sr.lock', 'D:\\dataHandle\\GISData\\gdb\\crm\\clientdata\\clientdata.gdb\\_gdb.T450.1748.9104.sr.lock', "[Errno 13] Permission denied: 'D:\\\\dataHandle\\\\GISData\\\\arcgisserver\\\\gdb\\\\crm\\\\clientdata\\\\clientdata.gdb\\\\_gdb.T450.1748.9104.sr.lock'")]
2017-09-19 11:16:52,108 - WARNING - Traceback (most recent call last):
  File "E:/python_project/CMB-Py/dataManage/serverHandler/InsertGDB_update_multi.py", line 91, in ConvertGDB
    shutil.copytree(gdbServerPath, gdbPath)
  File "C:\Python27\ArcGIS10.2\lib\shutil.py", line 206, in copytree
    raise Error, errors
Error: [('D:\\dataHandle\\GISData\\arcgisserver\\gdb\\crm\\clientdata\\clientdata.gdb\\extent.T450.1748.9104.sr.lock', 'D:\\dataHandle\\GISData\\gdb\\crm\\clientdata\\clientdata.gdb\\extent.T450.1748.9104.sr.lock', "[Errno 13] Permission denied: 'D:\\\\dataHandle\\\\GISData\\\\arcgisserver\\\\gdb\\\\crm\\\\clientdata\\\\clientdata.gdb\\\\extent.T450.1748.9104.sr.lock'"), ('D:\\dataHandle\\GISData\\arcgisserver\\gdb\\crm\\clientdata\\clientdata.gdb\\_gdb.T450.1748.9104.sr.lock', 'D:\\dataHandle\\GISData\\gdb\\crm\\clientdata\\clientdata.gdb\\_gdb.T450.1748.9104.sr.lock', "[Errno 13] Permission denied: 'D:\\\\dataHandle\\\\GISData\\\\arcgisserver\\\\gdb\\\\crm\\\\clientdata\\\\clientdata.gdb\\\\_gdb.T450.1748.9104.sr.lock'")]

2017-09-19 11:16:52,108 - INFO - insertUpdate ** convert error!
2017-09-19 11:17:32,799 - INFO - start convert GDB...
                       source File Path:C:\Users\esri\Desktop\customerupdate
                       output Path:D:\dataHandle\GISData\gdb\crm\clientdata
                       log Path:E:\python_project\CMB-Py\dataManage\workspace\logs
2017-09-19 11:17:32,799 - INFO - insertUpdate ** update GDB soucefile:C:\Users\esri\Desktop\customerupdate
2017-09-19 11:17:42,299 - INFO - build tempGDB...
2017-09-19 11:18:20,078 - INFO - update layer...
2017-09-19 11:18:21,298 - INFO - update layer include : clientdata110
2017-09-19 11:18:22,062 - INFO - insert tempGDB to gdb...
2017-09-19 11:18:35,394 - INFO - insertUpdate ** update GDB soucefile:C:\Users\esri\Desktop\customerupdate  complate！
2017-09-19 11:18:35,394 - INFO - insertUpdate ** convert success!
2017-09-19 11:20:09,506 - INFO - start convert GDB...
                       source File Path:C:\Users\esri\Desktop\customerupdate
                       output Path:D:\dataHandle\GISData\gdb\crm\clientdata
                       log Path:E:\python_project\CMB-Py\dataManage\workspace\logs
2017-09-19 11:20:09,506 - INFO - insertUpdate ** update GDB soucefile:C:\Users\esri\Desktop\customerupdate
2017-09-19 11:20:19,084 - INFO - build tempGDB...
2017-09-19 11:20:57,155 - INFO - update layer...
2017-09-19 11:20:58,390 - INFO - update layer include : clientdata110
2017-09-19 11:20:59,155 - INFO - insert tempGDB to gdb...
2017-09-19 11:21:12,703 - INFO - insertUpdate ** update GDB soucefile:C:\Users\esri\Desktop\customerupdate  complate！
2017-09-19 11:21:12,703 - INFO - insertUpdate ** convert success!
2017-09-19 13:56:29,612 - INFO - start convert GDB...
                       source File Path:C:\Users\esri\Desktop\customerupdate
                       output Path:D:\dataHandle\GISData\gdb\crm\clientdata
                       log Path:E:\python_project\CMB-Py\dataManage\workspace\logs
2017-09-19 13:56:29,612 - INFO - insertUpdate ** update GDB soucefile:C:\Users\esri\Desktop\customerupdate
2017-09-19 13:56:37,950 - INFO - build tempGDB...
2017-09-19 14:04:37,703 - INFO - update layer...
2017-09-19 14:04:39,227 - WARNING - not all arguments converted during string formatting
2017-09-19 14:04:39,229 - WARNING - Traceback (most recent call last):
  File "E:/python_project/CMB-Py/dataManage/serverHandler/InsertGDB_update_multi.py", line 114, in ConvertGDB
    sqlStrs = buildSQLStr(sourceFilePath, tableViewPath, uniqueId)
  File "E:/python_project/CMB-Py/dataManage/serverHandler/InsertGDB_update_multi.py", line 50, in buildSQLStr
    sqlStrs.append(sql % sqlStr)
TypeError: not all arguments converted during string formatting

2017-09-19 14:04:39,229 - INFO - insertUpdate ** convert error!
2017-09-19 14:13:34,931 - INFO - start convert GDB...
                       source File Path:C:\Users\esri\Desktop\customerupdate
                       output Path:D:\dataHandle\GISData\gdb\crm\clientdata
                       log Path:E:\python_project\CMB-Py\dataManage\workspace\logs
2017-09-19 14:13:34,931 - INFO - insertUpdate ** update GDB soucefile:C:\Users\esri\Desktop\customerupdate
2017-09-19 14:13:44,236 - INFO - build tempGDB...
2017-09-19 14:21:31,180 - INFO - update layer...
2017-09-19 14:21:37,138 - INFO - update layer include : clientdata92|clientdata93|clientdata58|clientdata59|clientdata52|clientdata53|clientdata50|clientdata51|clientdata56|clientdata57|clientdata54|clientdata55|clientdata123|clientdata122|clientdata45|clientdata44|clientdata47|clientdata46|clientdata41|clientdata40|clientdata43|clientdata42|clientdata49|clientdata48|clientdata30|clientdata31|clientdata32|clientdata33|clientdata34|clientdata35|clientdata36|clientdata37|clientdata38|clientdata39|clientdata23|clientdata22|clientdata21|clientdata27|clientdata26|clientdata25|clientdata24|clientdata29|clientdata28|clientdata96|clientdata97|clientdata94|clientdata95|clientdata129|clientdata128|clientdata90|clientdata91|clientdata125|clientdata124|clientdata127|clientdata121|clientdata120|clientdata98|clientdata99|clientdata18|clientdata16|clientdata17|clientdata14|clientdata15|clientdata12|clientdata13|clientdata10|clientdata11|clientdata8|clientdata9|clientdata4|clientdata5|clientdata6|clientdata7|clientdata1|clientdata2|clientdata3|clientdata81|clientdata80|clientdata83|clientdata82|clientdata85|clientdata84|clientdata87|clientdata86|clientdata136|clientdata88|clientdata135|clientdata132|clientdata133|clientdata131|clientdata109|clientdata101|clientdata100|clientdata105|clientdata104|clientdata78|clientdata79|clientdata74|clientdata75|clientdata76|clientdata77|clientdata70|clientdata71|clientdata72|clientdata73|clientdata89|clientdata115|clientdata110|clientdata111|clientdata112|clientdata113|clientdata119|clientdata69|clientdata68|clientdata67|clientdata66|clientdata65|clientdata64|clientdata63|clientdata62|clientdata61|clientdata60
2017-09-19 14:35:24,996 - INFO - insert tempGDB to gdb...
2017-09-19 14:41:06,525 - INFO - insertUpdate ** update GDB soucefile:C:\Users\esri\Desktop\customerupdate  complate！
2017-09-19 14:41:06,526 - INFO - insertUpdate ** convert success!
